[2022-01-18 16:48:14,834 INFO @pytorch_lightning.utilities.seed] 65 - Global seed set to 1234
[2022-01-18 16:48:14,903 INFO @pytorch_lightning.utilities.seed] 65 - Global seed set to 1234
[2022-01-18 16:48:14,904 INFO @pytorch_lightning.plugins.training_type.ddp] 322 - initializing ddp: GLOBAL_RANK: 1, MEMBER: 2/2
[2022-01-18 16:48:20,084 INFO @pytorch_lightning.accelerators.gpu] 54 - LOCAL_RANK: 1 - CUDA_VISIBLE_DEVICES: [0,1]
[2022-01-18 16:48:26,680 INFO @pytorch_lightning.utilities.seed] 65 - Global seed set to 1234
to 1234
[2022-01-18 16:48:15,277 INFO @pytorch_lightning.plugins.training_type.ddp] 322 - initializing ddp: GLOBAL_RANK: 0, MEMBER: 1/2
[2022-01-18 16:48:15,915 INFO @pytorch_lightning.utilities.distributed] 328 - ----------------------------------------------------------------------------------------------------
distributed_backend=nccl
All DDP processes registered. Starting ddp with 2 processes
----------------------------------------------------------------------------------------------------

[2022-01-18 16:48:20,083 INFO @pytorch_lightning.accelerators.gpu] 54 - LOCAL_RANK: 0 - CUDA_VISIBLE_DEVICES: [0,1]
[2022-01-18 16:48:23,492 INFO @pytorch_lightning.core.lightning] 1736 - 
  | Name          | Type             | Params
---------------------------------------------------
0 | net           | MobileNetV3      | 1.5 M 
1 | criterion     | CrossEntropyLoss | 0     
2 | train_metrics | MetricCollection | 0     
3 | val_metrics   | MetricCollection | 0     
4 | test_metrics  | MetricCollection | 0     
---------------------------------------------------
1.5 M     Trainable params
0         Non-trainable params
1.5 M     Total params
6.085     Total estimated model params size (MB)
[2022-01-18 16:48:26,680 INFO @pytorch_lightning.utilities.seed] 65 - Global seed set to 1234
[2022-01-18 17:11:54,780 INFO @pytorch_lightning.profiler.base] 113 - FIT Profiler Report

Action                             	|  Mean duration (s)	|Num calls      	|  Total time (s) 	|  Percentage %   	|
--------------------------------------------------------------------------------------------------------------------------------------
Total                              	|  -              	|_              	|  1421.3         	|  100 %          	|
--------------------------------------------------------------------------------------------------------------------------------------
run_training_epoch                 	|  28.149         	|50             	|  1407.5         	|  99.03          	|
run_training_batch                 	|  0.16201        	|5900           	|  955.86         	|  67.255         	|
model_forward                      	|  0.1563         	|5900           	|  922.17         	|  64.884         	|
training_step                      	|  0.1562         	|5900           	|  921.58         	|  64.843         	|
closure_0                          	|  0.11165        	|5900           	|  658.76         	|  46.351         	|
get_train_batch                    	|  0.033206       	|5900           	|  195.92         	|  13.785         	|
training_batch_to_device           	|  0.0086344      	|5900           	|  50.943         	|  3.5843         	|
evaluation_step_and_end            	|  0.041977       	|1002           	|  42.061         	|  2.9594         	|
validation_step                    	|  0.041892       	|1002           	|  41.975         	|  2.9534         	|
evaluation_batch_to_device         	|  0.0084748      	|1002           	|  8.4917         	|  0.59748        	|
on_train_batch_end                 	|  0.00020896     	|5900           	|  1.2329         	|  0.086746       	|
on_train_epoch_end                 	|  0.0070569      	|50             	|  0.35284        	|  0.024826       	|
on_after_backward                  	|  4.3482e-05     	|5900           	|  0.25655        	|  0.018051       	|
on_before_optimizer_step           	|  3.1957e-05     	|5900           	|  0.18854        	|  0.013266       	|
on_validation_batch_end            	|  0.00018263     	|1002           	|  0.18299        	|  0.012875       	|
on_before_backward                 	|  2.8283e-05     	|5900           	|  0.16687        	|  0.011741       	|
on_batch_start                     	|  2.7738e-05     	|5900           	|  0.16366        	|  0.011515       	|
on_train_batch_start               	|  2.3316e-05     	|5900           	|  0.13756        	|  0.009679       	|
training_step_end                  	|  2.0878e-05     	|5900           	|  0.12318        	|  0.0086669      	|
on_batch_end                       	|  1.9406e-05     	|5900           	|  0.1145         	|  0.0080559      	|
on_validation_end                  	|  0.0016235      	|51             	|  0.082799       	|  0.0058258      	|
on_validation_start                	|  0.00068269     	|51             	|  0.034817       	|  0.0024497      	|
on_validation_batch_start          	|  3.0743e-05     	|1002           	|  0.030804       	|  0.0021674      	|
on_train_epoch_start               	|  0.00059281     	|50             	|  0.02964        	|  0.0020855      	|
validation_step_end                	|  1.6223e-05     	|1002           	|  0.016255       	|  0.0011437      	|
on_epoch_end                       	|  3.372e-05      	|101            	|  0.0034057      	|  0.00023963     	|
on_train_start                     	|  0.0030774      	|1              	|  0.0030774      	|  0.00021652     	|
on_validation_epoch_end            	|  5.1857e-05     	|51             	|  0.0026447      	|  0.00018608     	|
on_epoch_start                     	|  2.4314e-05     	|101            	|  0.0024557      	|  0.00017278     	|
on_validation_epoch_start          	|  2.03e-05       	|51             	|  0.0010353      	|  7.2845e-05     	|
on_train_end                       	|  0.00038594     	|1              	|  0.00038594     	|  2.7155e-05     	|
on_fit_start                       	|  4.7937e-05     	|1              	|  4.7937e-05     	|  3.3729e-06     	|
on_val_dataloader                  	|  2.1709e-05     	|1              	|  2.1709e-05     	|  1.5275e-06     	|
on_train_dataloader                	|  1.9031e-05     	|1              	|  1.9031e-05     	|  1.339e-06      	|
on_before_accelerator_backend_setup	|  8.3498e-06     	|1              	|  8.3498e-06     	|  5.8749e-07     	|

